2026-01-13 03:56:01,670 - __main__ - ERROR - Embeddings not found
2026-01-13 03:56:03,110 - __main__ - INFO - Engineered data loaded from data.csv
2026-01-13 03:56:10,146 - __main__ - INFO - Model initialized
2026-01-13 03:56:10,392 - __main__ - INFO - All unique questions collected
2026-01-13 03:59:45,325 - __main__ - INFO - Encoding unique questions ...
2026-01-13 03:59:45,541 - __main__ - INFO - Encoded 535467 unique questions on cuda
2026-01-13 04:00:25,537 - __main__ - INFO - Embeddings cache saved in embeddings.pkl
2026-01-13 04:00:26,557 - __main__ - INFO - Mapping question 1 embeddings
2026-01-13 04:00:27,803 - __main__ - INFO - Mapping question 2 embeddings
2026-01-13 04:00:28,108 - __main__ - INFO - Generated similarity scores
2026-01-13 04:00:31,982 - __main__ - INFO - Similarity scores saved to data.csv
2026-01-13 04:00:31,983 - __main__ - INFO - generate embeddings pipeline completed succesfully
2026-01-13 13:02:56,728 - __main__ - ERROR - Embeddings not found
2026-01-13 13:02:57,593 - __main__ - INFO - Engineered data loaded from data.csv
2026-01-13 13:03:03,886 - __main__ - INFO - Model initialized
2026-01-13 13:03:04,079 - __main__ - INFO - All unique questions collected
2026-01-13 17:04:18,606 - __main__ - ERROR - Embeddings not found
2026-01-13 17:04:19,426 - __main__ - INFO - Engineered data loaded from data.csv
2026-01-13 17:04:25,975 - __main__ - INFO - Model initialized
2026-01-13 17:04:26,167 - __main__ - INFO - All unique questions collected
2026-01-13 18:44:59,981 - __main__ - ERROR - Embeddings not found
2026-01-13 18:45:00,772 - __main__ - INFO - Engineered data loaded from data.csv
2026-01-13 18:45:08,420 - __main__ - INFO - Model initialized
2026-01-13 18:45:08,620 - __main__ - INFO - All unique questions collected
2026-01-13 18:45:08,620 - __main__ - INFO - Encoding unique questions ...
2026-01-13 19:23:21,345 - __main__ - INFO - Encoded 533361 unique questions on cpu
2026-01-13 19:23:37,094 - __main__ - INFO - Embeddings cache saved in embeddings.pkl
2026-01-13 19:23:37,807 - __main__ - INFO - Mapping question 1 embeddings
2026-01-13 19:23:38,642 - __main__ - INFO - Mapping question 2 embeddings
2026-01-13 19:23:38,950 - __main__ - INFO - Generated similarity scores
2026-01-13 19:23:40,957 - __main__ - INFO - Similarity scores saved to data.csv
2026-01-13 19:23:40,957 - __main__ - INFO - generate embeddings pipeline completed succesfully
