2025-12-29 22:19:14,037 - __main__ - INFO - Created directory: data
2025-12-29 22:19:14,038 - __main__ - INFO - Kaggle API authenticated
2025-12-29 22:19:14,038 - __main__ - INFO - Downloading data to data ...
2025-12-29 22:19:50,003 - __main__ - INFO - Download complete
2025-12-29 22:19:50,004 - __main__ - INFO - Unzipping files ...
2025-12-29 22:19:52,344 - __main__ - INFO - Extracted: quora-question-pairs.zip
2025-12-29 22:19:52,359 - __main__ - INFO - Renamed initial test.csv to final.csv
2025-12-29 22:19:52,359 - __main__ - INFO - Extracting the datasets ...
2025-12-29 22:19:54,751 - __main__ - INFO - Extracted: quora-question-pairs.zip
2025-12-29 22:19:54,824 - __main__ - INFO - Extracted: sample_submission.csv.zip
2025-12-29 22:19:57,569 - __main__ - INFO - Extracted: test.csv.zip
2025-12-29 22:19:57,916 - __main__ - INFO - Extracted: train.csv.zip
2025-12-29 22:19:57,916 - __main__ - INFO - get_data() process completed successfully
2026-01-03 16:36:13,318 - __main__ - INFO - Created directory: data
2026-01-03 16:36:13,319 - __main__ - INFO - get_data() process completed successfully
2026-01-03 17:14:19,008 - __main__ - INFO - Created directory: data
2026-01-03 17:14:19,008 - __main__ - ERROR - KAGGLE_USERNAME or KAGGLE_KEY not found in .env
2026-01-03 17:14:57,358 - __main__ - INFO - Created directory: data
2026-01-03 17:14:57,359 - __main__ - INFO - Kaggle API authenticated
2026-01-03 17:14:57,359 - __main__ - INFO - Downloading data to data ...
2026-01-03 17:15:28,183 - __main__ - INFO - Download complete
2026-01-03 17:15:28,183 - __main__ - INFO - Unzipping files ...
2026-01-03 17:15:30,942 - __main__ - INFO - Extracted: quora-question-pairs.zip
2026-01-03 17:15:30,962 - __main__ - INFO - Renamed initial test.csv to final.csv
2026-01-03 17:15:30,962 - __main__ - INFO - Extracting the datasets ...
2026-01-03 17:15:33,606 - __main__ - INFO - Extracted: quora-question-pairs.zip
2026-01-03 17:15:33,694 - __main__ - INFO - Extracted: sample_submission.csv.zip
2026-01-03 17:15:36,530 - __main__ - INFO - Extracted: test.csv.zip
2026-01-03 17:15:36,905 - __main__ - INFO - Extracted: train.csv.zip
2026-01-03 17:15:36,906 - __main__ - INFO - get_data() process completed successfully
2026-01-10 14:06:49,291 - __main__ - INFO - Kaggle API authenticated
2026-01-10 14:06:49,292 - __main__ - INFO - Created directory: data
2026-01-10 14:06:49,292 - __main__ - INFO - Downloading data to data ...
2026-01-10 14:06:50,767 - __main__ - ERROR - Failed to download data: 401 Client Error: Unauthorized for url: https://api.kaggle.com/v1/competitions.CompetitionApiService/DownloadDataFiles
2026-01-10 14:06:50,769 - __main__ - INFO - Unzipping files ...
2026-01-10 14:10:08,641 - __main__ - INFO - Kaggle API authenticated
2026-01-10 14:10:08,642 - __main__ - INFO - Created directory: data
2026-01-10 14:10:08,642 - __main__ - INFO - Downloading data to data ...
2026-01-10 14:11:21,323 - __main__ - INFO - Download complete
2026-01-10 14:11:21,323 - __main__ - INFO - Unzipping files ...
2026-01-10 14:11:22,785 - __main__ - INFO - Extracted: quora-question-pairs.zip
2026-01-10 14:11:22,786 - __main__ - INFO - Renamed initial test.csv to final.csv
2026-01-10 14:11:22,786 - __main__ - INFO - Extracting the datasets ...
2026-01-10 14:11:24,347 - __main__ - INFO - Extracted: quora-question-pairs.zip
2026-01-10 14:11:24,406 - __main__ - INFO - Extracted: sample_submission.csv.zip
2026-01-10 14:11:26,257 - __main__ - INFO - Extracted: test.csv.zip
2026-01-10 14:11:26,523 - __main__ - INFO - Extracted: train.csv.zip
2026-01-10 14:11:26,523 - __main__ - INFO - downloading process completed successfully
